<?xml version="1.0" encoding="UTF-8"?>
<coverage generated="1349945008">
  <project timestamp="1349945008">
    <file name="C:\Users\Facetime\Documents\NetBeansProjects\PHPunitTemplate\src/Calculator.php">
      <class name="Calculator" namespace="global" fullPackage="MyPackage" package="MyPackage">
        <metrics methods="1" coveredmethods="1" conditionals="0" coveredconditionals="0" statements="1" coveredstatements="1" elements="2" coveredelements="2"/>
      </class>
      <line num="60" type="method" name="add" crap="1" count="4"/>
      <line num="61" type="stmt" count="4"/>
      <metrics loc="66" ncloc="12" classes="1" methods="1" coveredmethods="1" conditionals="0" coveredconditionals="0" statements="1" coveredstatements="1" elements="2" coveredelements="2"/>
    </file>
    <file name="C:\Users\Facetime\Documents\NetBeansProjects\PHPunitTemplate\src/Guestbook.php">
      <class name="Guestbook" namespace="global" fullPackage="MyPackage" package="MyPackage">
        <metrics methods="2" coveredmethods="2" conditionals="0" coveredconditionals="0" statements="6" coveredstatements="5" elements="8" coveredelements="7"/>
      </class>
      <line num="64" type="method" name="__construct" crap="1" count="1"/>
      <line num="65" type="stmt" count="1"/>
      <line num="66" type="stmt" count="1"/>
      <line num="76" type="method" name="addEntry" crap="2.06" count="1"/>
      <line num="77" type="stmt" count="1"/>
      <line num="79" type="stmt" count="1"/>
      <line num="80" type="stmt" count="0"/>
      <line num="82" type="stmt" count="1"/>
      <metrics loc="87" ncloc="22" classes="1" methods="2" coveredmethods="1" conditionals="0" coveredconditionals="0" statements="6" coveredstatements="5" elements="8" coveredelements="6"/>
    </file>
    <file name="C:\Users\Facetime\Documents\NetBeansProjects\PHPunitTemplate\src/Loader.php">
      <class name="Loader" namespace="global" fullPackage="MyPackage" package="MyPackage">
        <metrics methods="1" coveredmethods="1" conditionals="0" coveredconditionals="0" statements="13" coveredstatements="12" elements="14" coveredelements="13"/>
      </class>
      <line num="67" type="method" name="load" crap="6.02" count="5"/>
      <line num="69" type="stmt" count="5"/>
      <line num="70" type="stmt" count="1"/>
      <line num="73" type="stmt" count="4"/>
      <line num="75" type="stmt" count="4"/>
      <line num="76" type="stmt" count="1"/>
      <line num="79" type="stmt" count="3"/>
      <line num="81" type="stmt" count="3"/>
      <line num="82" type="stmt" count="2"/>
      <line num="84" type="stmt" count="2"/>
      <line num="85" type="stmt" count="2"/>
      <line num="86" type="stmt" count="2"/>
      <line num="88" type="stmt" count="0"/>
      <line num="89" type="stmt" count="1"/>
      <metrics loc="94" ncloc="32" classes="1" methods="1" coveredmethods="0" conditionals="0" coveredconditionals="0" statements="13" coveredstatements="12" elements="14" coveredelements="12"/>
    </file>
    <metrics files="3" loc="247" ncloc="66" classes="3" methods="4" coveredmethods="2" conditionals="0" coveredconditionals="0" statements="20" coveredstatements="18" elements="24" coveredelements="20"/>
  </project>
</coverage>
